2025-01-10 21:22:44,374 - INFO - Using device: cuda
2025-01-10 21:22:44,374 - INFO - Saving results to: C:\Users\utaysi\Desktop\multimodal-xai-framework\results\xai_results_20250110_212244
2025-01-10 21:22:44,374 - INFO - 
Processing Image Dataset:
2025-01-10 21:22:44,375 - INFO - Looking for tumor images in: C:\Users\utaysi\Desktop\multimodal-xai-framework\data\tumor_detection
2025-01-10 21:22:44,375 - INFO - Found subdirectories: ['neg', 'pos']
2025-01-10 21:22:44,718 - INFO - Loaded 361 tumor images
2025-01-10 21:22:44,718 - INFO - Image XAI explainers initialized
2025-01-10 21:22:44,733 - INFO - 
Processing image 1
2025-01-10 21:22:44,734 - INFO - True label: Benign
2025-01-10 21:22:55,692 - INFO - num_full_subsets = 0
2025-01-10 21:22:55,693 - INFO - remaining_weight_vector = array([8.00060997e-02, 4.00033156e-02, 2.66690543e-02, ...,
       2.12599831e-06, 2.12599831e-06, 2.12599831e-06])
2025-01-10 21:22:55,693 - INFO - num_paired_subset_sizes = 75263
2025-01-10 21:22:56,337 - INFO - weight_left = np.float64(1.0000000000000002)
2025-01-10 21:22:58,587 - INFO - np.sum(w_aug) = np.float64(150528.00000000003)
2025-01-10 21:22:58,588 - INFO - np.sum(self.kernelWeights) = np.float64(1.0000000000000004)
2025-01-10 21:22:58,945 - INFO - phi = array([0., 0., 0., ..., 0., 0., 0.])
2025-01-10 21:22:59,086 - INFO - np.sum(w_aug) = np.float64(150528.00000000003)
2025-01-10 21:22:59,086 - INFO - np.sum(self.kernelWeights) = np.float64(1.0000000000000004)
2025-01-10 21:22:59,446 - INFO - phi = array([0., 0., 0., ..., 0., 0., 0.])
