2025-01-11 17:46:12,478 - INFO - Using device: cuda
2025-01-11 17:46:12,478 - INFO - Saving results to: C:\Users\utaysi\Desktop\multimodal-xai-framework\results\xai_results_20250111_174612
2025-01-11 17:46:12,478 - INFO - 
Processing Image Dataset:
2025-01-11 17:46:12,479 - INFO - Looking for tumor images in: C:\Users\utaysi\Desktop\multimodal-xai-framework\data\tumor_detection
2025-01-11 17:46:12,479 - INFO - Found subdirectories: ['neg', 'pos']
2025-01-11 17:46:13,068 - INFO - Loaded 361 tumor images
2025-01-11 17:46:13,068 - INFO - Image XAI explainers initialized
2025-01-11 17:46:13,083 - INFO - 
Processing image 1
2025-01-11 17:46:13,084 - INFO - True label: Benign
2025-01-11 17:46:13,280 - INFO - Model prediction: Benign (confidence: 0.522)
2025-01-11 17:46:21,154 - INFO - 
XAI Method Evaluation:
2025-01-11 17:46:21,154 - INFO - GradCAM - Faithfulness: 0.052, Range: 0.000 to 0.980
2025-01-11 17:46:21,154 - INFO - SHAP - Faithfulness: 0.041, Range: 0.010 to 1.000
2025-01-11 17:46:21,154 - INFO - LIME - Faithfulness: 0.015, Range: -2.118 to 2.640
2025-01-11 17:46:21,154 - INFO - 
Method Comparison:
2025-01-11 17:46:21,154 - INFO - Best performing method: GradCAM
2025-01-11 17:46:21,154 - INFO - Recommendations:
2025-01-11 17:46:21,154 - INFO - - Consider improving GradCAM's faithfulness through better feature attribution
2025-01-11 17:46:21,155 - INFO - - Consider improving SHAP's faithfulness through better feature attribution
2025-01-11 17:46:21,155 - INFO - - Consider improving LIME's faithfulness through better feature attribution
2025-01-11 17:46:21,301 - WARNING - Clipping input data to the valid range for imshow with RGB data ([0..1] for floats or [0..255] for integers). Got range [-2.117904..2.64].
2025-01-11 17:46:21,317 - WARNING - Clipping input data to the valid range for imshow with RGB data ([0..1] for floats or [0..255] for integers). Got range [-2.117904..2.64].
2025-01-11 17:46:21,457 - INFO - Time taken: 8.39 seconds
