2025-01-11 20:50:38,778 - INFO - Using device: cuda
2025-01-11 20:50:38,778 - INFO - Saving results to: C:\Users\utaysi\Desktop\multimodal-xai-framework\results\xai_results_20250111_205038
2025-01-11 20:50:38,778 - INFO - 
Processing Image Dataset:
2025-01-11 20:50:38,778 - INFO - Looking for tumor images in: C:\Users\utaysi\Desktop\multimodal-xai-framework\data\tumor_detection
2025-01-11 20:50:38,779 - INFO - Found subdirectories: ['neg', 'pos']
2025-01-11 20:50:39,211 - INFO - Loaded 361 tumor images
2025-01-11 20:50:39,212 - INFO - Image XAI explainers initialized
2025-01-11 20:50:39,226 - INFO - 
Processing image 1
2025-01-11 20:50:39,226 - INFO - True label: Benign
2025-01-11 20:50:39,411 - INFO - Model prediction: Benign (confidence: 1.000)
2025-01-11 20:50:46,969 - INFO - 
XAI Method Evaluation:
2025-01-11 20:50:46,970 - INFO - GradCAM - Faithfulness: 0.387, Range: 0.000 to 0.991
2025-01-11 20:50:46,970 - INFO - SHAP - Faithfulness: 0.453, Range: 0.002 to 1.000
2025-01-11 20:50:46,970 - INFO - LIME - Faithfulness: 0.000, Range: -2.118 to 2.640
2025-01-11 20:50:46,970 - INFO - 
Method Comparison:
2025-01-11 20:50:46,970 - INFO - Best performing method: SHAP
2025-01-11 20:50:46,970 - INFO - Recommendations:
2025-01-11 20:50:46,971 - INFO - - Consider improving GradCAM's faithfulness through better feature attribution
2025-01-11 20:50:46,971 - INFO - - Consider improving SHAP's faithfulness through better feature attribution
2025-01-11 20:50:46,971 - INFO - - Consider improving LIME's faithfulness through better feature attribution
2025-01-11 20:50:47,132 - WARNING - Clipping input data to the valid range for imshow with RGB data ([0..1] for floats or [0..255] for integers). Got range [-2.117904..2.64].
2025-01-11 20:50:47,148 - WARNING - Clipping input data to the valid range for imshow with RGB data ([0..1] for floats or [0..255] for integers). Got range [-2.117904..2.64].
2025-01-11 20:50:47,299 - INFO - Time taken: 8.09 seconds
