2025-01-10 16:12:04,047 - INFO - Using device: cuda
2025-01-10 16:12:04,048 - INFO - Saving results to: C:\Users\utaysi\Desktop\multimodal-xai-framework\results\xai_results_20250110_161204
2025-01-10 16:12:04,048 - INFO - 
Processing Image Dataset:
2025-01-10 16:12:04,048 - INFO - Looking for tumor images in: C:\Users\utaysi\Desktop\multimodal-xai-framework\data\tumor_detection
2025-01-10 16:12:04,048 - INFO - Found subdirectories: ['neg', 'pos']
2025-01-10 16:12:04,478 - INFO - Loaded 361 tumor images
2025-01-10 16:12:04,480 - INFO - Image XAI explainers initialized
2025-01-10 16:12:04,496 - INFO - 
Processing image 1
2025-01-10 16:12:04,497 - INFO - True label: Benign
2025-01-10 16:12:09,060 - INFO - 
XAI Method Evaluation:
2025-01-10 16:12:09,060 - INFO - GradCAM - Faithfulness: 0.004, Range: 0.000 to 0.995
2025-01-10 16:12:09,060 - INFO - SHAP - Faithfulness: 0.002, Range: 0.000 to 0.005
2025-01-10 16:12:09,060 - INFO - LIME - Faithfulness: 0.000, Range: -2.118 to 2.640
2025-01-10 16:12:09,060 - INFO - 
Method Comparison:
2025-01-10 16:12:09,061 - INFO - Best performing method: GradCAM
2025-01-10 16:12:09,061 - INFO - Recommendations:
2025-01-10 16:12:09,061 - INFO - - Consider improving GradCAM's faithfulness through better feature attribution
2025-01-10 16:12:09,061 - INFO - - Consider improving SHAP's faithfulness through better feature attribution
2025-01-10 16:12:09,061 - INFO - - Consider improving LIME's faithfulness through better feature attribution
2025-01-10 16:12:09,227 - WARNING - Clipping input data to the valid range for imshow with RGB data ([0..1] for floats or [0..255] for integers). Got range [-2.117904..2.64].
2025-01-10 16:12:09,241 - WARNING - Clipping input data to the valid range for imshow with RGB data ([0..1] for floats or [0..255] for integers). Got range [-2.117904..2.64].
2025-01-10 16:12:09,369 - INFO - Time taken: 4.89 seconds
2025-01-10 16:12:09,375 - INFO - 
Processing image 2
2025-01-10 16:12:09,375 - INFO - True label: Benign
2025-01-10 16:12:13,274 - INFO - 
XAI Method Evaluation:
2025-01-10 16:12:13,275 - INFO - GradCAM - Faithfulness: 0.068, Range: 0.000 to 0.991
2025-01-10 16:12:13,275 - INFO - SHAP - Faithfulness: 0.008, Range: 0.001 to 0.010
2025-01-10 16:12:13,275 - INFO - LIME - Faithfulness: 0.007, Range: -2.118 to 2.640
2025-01-10 16:12:13,275 - INFO - 
Method Comparison:
2025-01-10 16:12:13,275 - INFO - Best performing method: GradCAM
2025-01-10 16:12:13,275 - INFO - Recommendations:
2025-01-10 16:12:13,275 - INFO - - Consider improving GradCAM's faithfulness through better feature attribution
2025-01-10 16:12:13,275 - INFO - - Consider improving SHAP's faithfulness through better feature attribution
2025-01-10 16:12:13,275 - INFO - - Consider improving LIME's faithfulness through better feature attribution
2025-01-10 16:12:13,365 - WARNING - Clipping input data to the valid range for imshow with RGB data ([0..1] for floats or [0..255] for integers). Got range [-2.117904..2.64].
2025-01-10 16:12:13,377 - WARNING - Clipping input data to the valid range for imshow with RGB data ([0..1] for floats or [0..255] for integers). Got range [-2.117904..2.64].
2025-01-10 16:12:13,501 - INFO - Time taken: 4.13 seconds
2025-01-10 16:12:13,507 - INFO - 
Processing image 3
2025-01-10 16:12:13,507 - INFO - True label: Benign
2025-01-10 16:12:17,483 - INFO - 
XAI Method Evaluation:
2025-01-10 16:12:17,483 - INFO - GradCAM - Faithfulness: 0.027, Range: 0.000 to 0.983
2025-01-10 16:12:17,483 - INFO - SHAP - Faithfulness: 0.008, Range: 0.001 to 0.010
2025-01-10 16:12:17,484 - INFO - LIME - Faithfulness: 0.007, Range: -2.118 to 2.640
2025-01-10 16:12:17,484 - INFO - 
Method Comparison:
2025-01-10 16:12:17,484 - INFO - Best performing method: GradCAM
2025-01-10 16:12:17,484 - INFO - Recommendations:
2025-01-10 16:12:17,484 - INFO - - Consider improving GradCAM's faithfulness through better feature attribution
2025-01-10 16:12:17,484 - INFO - - Consider improving SHAP's faithfulness through better feature attribution
2025-01-10 16:12:17,484 - INFO - - Consider improving LIME's faithfulness through better feature attribution
2025-01-10 16:12:17,578 - WARNING - Clipping input data to the valid range for imshow with RGB data ([0..1] for floats or [0..255] for integers). Got range [-2.117904..2.64].
2025-01-10 16:12:17,590 - WARNING - Clipping input data to the valid range for imshow with RGB data ([0..1] for floats or [0..255] for integers). Got range [-2.117904..2.64].
2025-01-10 16:12:17,710 - INFO - Time taken: 4.21 seconds
2025-01-10 16:12:17,716 - INFO - 
Processing image 4
2025-01-10 16:12:17,716 - INFO - True label: Benign
2025-01-10 16:12:21,758 - INFO - 
XAI Method Evaluation:
2025-01-10 16:12:21,758 - INFO - GradCAM - Faithfulness: 0.033, Range: 0.000 to 0.992
2025-01-10 16:12:21,758 - INFO - SHAP - Faithfulness: 0.001, Range: 0.000 to 0.008
2025-01-10 16:12:21,759 - INFO - LIME - Faithfulness: 0.005, Range: -2.118 to 2.640
2025-01-10 16:12:21,759 - INFO - 
Method Comparison:
2025-01-10 16:12:21,759 - INFO - Best performing method: GradCAM
2025-01-10 16:12:21,759 - INFO - Recommendations:
2025-01-10 16:12:21,759 - INFO - - Consider improving GradCAM's faithfulness through better feature attribution
2025-01-10 16:12:21,759 - INFO - - Consider improving SHAP's faithfulness through better feature attribution
2025-01-10 16:12:21,759 - INFO - - Consider improving LIME's faithfulness through better feature attribution
2025-01-10 16:12:21,848 - WARNING - Clipping input data to the valid range for imshow with RGB data ([0..1] for floats or [0..255] for integers). Got range [-2.117904..2.64].
2025-01-10 16:12:21,860 - WARNING - Clipping input data to the valid range for imshow with RGB data ([0..1] for floats or [0..255] for integers). Got range [-2.117904..2.64].
2025-01-10 16:12:21,978 - INFO - Time taken: 4.27 seconds
2025-01-10 16:12:21,984 - INFO - 
Processing image 5
2025-01-10 16:12:21,985 - INFO - True label: Benign
2025-01-10 16:12:25,711 - INFO - 
XAI Method Evaluation:
2025-01-10 16:12:25,711 - INFO - GradCAM - Faithfulness: 0.016, Range: 0.000 to 0.992
2025-01-10 16:12:25,711 - INFO - SHAP - Faithfulness: 0.007, Range: 0.000 to 0.005
2025-01-10 16:12:25,711 - INFO - LIME - Faithfulness: 0.003, Range: -2.118 to 2.640
2025-01-10 16:12:25,711 - INFO - 
Method Comparison:
2025-01-10 16:12:25,712 - INFO - Best performing method: GradCAM
2025-01-10 16:12:25,712 - INFO - Recommendations:
2025-01-10 16:12:25,712 - INFO - - Consider improving GradCAM's faithfulness through better feature attribution
2025-01-10 16:12:25,712 - INFO - - Consider improving SHAP's faithfulness through better feature attribution
2025-01-10 16:12:25,712 - INFO - - Consider improving LIME's faithfulness through better feature attribution
2025-01-10 16:12:25,808 - WARNING - Clipping input data to the valid range for imshow with RGB data ([0..1] for floats or [0..255] for integers). Got range [-2.117904..2.64].
2025-01-10 16:12:25,820 - WARNING - Clipping input data to the valid range for imshow with RGB data ([0..1] for floats or [0..255] for integers). Got range [-2.117904..2.64].
2025-01-10 16:12:26,042 - INFO - Time taken: 4.06 seconds
2025-01-10 16:12:26,048 - INFO - 
Processing image 6
2025-01-10 16:12:26,049 - INFO - True label: Benign
2025-01-10 16:12:30,108 - INFO - 
XAI Method Evaluation:
2025-01-10 16:12:30,109 - INFO - GradCAM - Faithfulness: 0.082, Range: 0.000 to 0.987
2025-01-10 16:12:30,109 - INFO - SHAP - Faithfulness: 0.003, Range: 0.001 to 0.005
2025-01-10 16:12:30,109 - INFO - LIME - Faithfulness: 0.006, Range: -2.118 to 2.640
2025-01-10 16:12:30,109 - INFO - 
Method Comparison:
2025-01-10 16:12:30,109 - INFO - Best performing method: GradCAM
2025-01-10 16:12:30,109 - INFO - Recommendations:
2025-01-10 16:12:30,109 - INFO - - Consider improving GradCAM's faithfulness through better feature attribution
2025-01-10 16:12:30,110 - INFO - - Consider improving SHAP's faithfulness through better feature attribution
2025-01-10 16:12:30,110 - INFO - - Consider improving LIME's faithfulness through better feature attribution
2025-01-10 16:12:30,201 - WARNING - Clipping input data to the valid range for imshow with RGB data ([0..1] for floats or [0..255] for integers). Got range [-2.117904..2.64].
2025-01-10 16:12:30,213 - WARNING - Clipping input data to the valid range for imshow with RGB data ([0..1] for floats or [0..255] for integers). Got range [-2.117904..2.64].
2025-01-10 16:12:30,338 - INFO - Time taken: 4.30 seconds
2025-01-10 16:12:30,344 - INFO - 
Processing image 7
2025-01-10 16:12:30,344 - INFO - True label: Benign
2025-01-10 16:12:34,366 - INFO - 
XAI Method Evaluation:
2025-01-10 16:12:34,366 - INFO - GradCAM - Faithfulness: 0.011, Range: 0.000 to 0.995
2025-01-10 16:12:34,366 - INFO - SHAP - Faithfulness: 0.014, Range: 0.001 to 0.006
2025-01-10 16:12:34,366 - INFO - LIME - Faithfulness: 0.013, Range: -2.118 to 2.640
2025-01-10 16:12:34,367 - INFO - 
Method Comparison:
2025-01-10 16:12:34,367 - INFO - Best performing method: SHAP
2025-01-10 16:12:34,367 - INFO - Recommendations:
2025-01-10 16:12:34,367 - INFO - - Consider improving GradCAM's faithfulness through better feature attribution
2025-01-10 16:12:34,367 - INFO - - Consider improving SHAP's faithfulness through better feature attribution
2025-01-10 16:12:34,367 - INFO - - Consider improving LIME's faithfulness through better feature attribution
2025-01-10 16:12:34,457 - WARNING - Clipping input data to the valid range for imshow with RGB data ([0..1] for floats or [0..255] for integers). Got range [-2.117904..2.64].
2025-01-10 16:12:34,469 - WARNING - Clipping input data to the valid range for imshow with RGB data ([0..1] for floats or [0..255] for integers). Got range [-2.117904..2.64].
2025-01-10 16:12:34,588 - INFO - Time taken: 4.25 seconds
2025-01-10 16:12:34,594 - INFO - 
Processing image 8
2025-01-10 16:12:34,595 - INFO - True label: Benign
2025-01-10 16:12:38,468 - INFO - 
XAI Method Evaluation:
2025-01-10 16:12:38,468 - INFO - GradCAM - Faithfulness: 0.014, Range: 0.000 to 0.991
2025-01-10 16:12:38,469 - INFO - SHAP - Faithfulness: 0.001, Range: 0.000 to 0.006
2025-01-10 16:12:38,469 - INFO - LIME - Faithfulness: 0.001, Range: -2.118 to 2.640
2025-01-10 16:12:38,469 - INFO - 
Method Comparison:
2025-01-10 16:12:38,469 - INFO - Best performing method: GradCAM
2025-01-10 16:12:38,469 - INFO - Recommendations:
2025-01-10 16:12:38,469 - INFO - - Consider improving GradCAM's faithfulness through better feature attribution
2025-01-10 16:12:38,469 - INFO - - Consider improving SHAP's faithfulness through better feature attribution
2025-01-10 16:12:38,469 - INFO - - Consider improving LIME's faithfulness through better feature attribution
2025-01-10 16:12:38,565 - WARNING - Clipping input data to the valid range for imshow with RGB data ([0..1] for floats or [0..255] for integers). Got range [-2.117904..2.64].
2025-01-10 16:12:38,577 - WARNING - Clipping input data to the valid range for imshow with RGB data ([0..1] for floats or [0..255] for integers). Got range [-2.117904..2.64].
2025-01-10 16:12:38,695 - INFO - Time taken: 4.11 seconds
2025-01-10 16:12:38,702 - INFO - 
Processing image 9
2025-01-10 16:12:38,702 - INFO - True label: Benign
2025-01-10 16:12:42,637 - INFO - 
XAI Method Evaluation:
2025-01-10 16:12:42,637 - INFO - GradCAM - Faithfulness: 0.055, Range: 0.000 to 0.996
2025-01-10 16:12:42,637 - INFO - SHAP - Faithfulness: 0.004, Range: 0.001 to 0.009
2025-01-10 16:12:42,637 - INFO - LIME - Faithfulness: 0.001, Range: -2.118 to 2.640
2025-01-10 16:12:42,637 - INFO - 
Method Comparison:
2025-01-10 16:12:42,638 - INFO - Best performing method: GradCAM
2025-01-10 16:12:42,638 - INFO - Recommendations:
2025-01-10 16:12:42,638 - INFO - - Consider improving GradCAM's faithfulness through better feature attribution
2025-01-10 16:12:42,638 - INFO - - Consider improving SHAP's faithfulness through better feature attribution
2025-01-10 16:12:42,638 - INFO - - Consider improving LIME's faithfulness through better feature attribution
2025-01-10 16:12:42,729 - WARNING - Clipping input data to the valid range for imshow with RGB data ([0..1] for floats or [0..255] for integers). Got range [-2.117904..2.64].
2025-01-10 16:12:42,741 - WARNING - Clipping input data to the valid range for imshow with RGB data ([0..1] for floats or [0..255] for integers). Got range [-2.117904..2.64].
2025-01-10 16:12:42,860 - INFO - Time taken: 4.16 seconds
2025-01-10 16:12:42,866 - INFO - 
Processing image 10
2025-01-10 16:12:42,866 - INFO - True label: Benign
2025-01-10 16:12:46,713 - INFO - 
XAI Method Evaluation:
2025-01-10 16:12:46,714 - INFO - GradCAM - Faithfulness: 0.012, Range: 0.000 to 0.998
2025-01-10 16:12:46,714 - INFO - SHAP - Faithfulness: 0.009, Range: 0.001 to 0.006
2025-01-10 16:12:46,714 - INFO - LIME - Faithfulness: 0.003, Range: -2.118 to 2.640
2025-01-10 16:12:46,714 - INFO - 
Method Comparison:
2025-01-10 16:12:46,714 - INFO - Best performing method: GradCAM
2025-01-10 16:12:46,714 - INFO - Recommendations:
2025-01-10 16:12:46,714 - INFO - - Consider improving GradCAM's faithfulness through better feature attribution
2025-01-10 16:12:46,714 - INFO - - Consider improving SHAP's faithfulness through better feature attribution
2025-01-10 16:12:46,715 - INFO - - Consider improving LIME's faithfulness through better feature attribution
2025-01-10 16:12:46,816 - WARNING - Clipping input data to the valid range for imshow with RGB data ([0..1] for floats or [0..255] for integers). Got range [-2.117904..2.64].
2025-01-10 16:12:46,828 - WARNING - Clipping input data to the valid range for imshow with RGB data ([0..1] for floats or [0..255] for integers). Got range [-2.117904..2.64].
2025-01-10 16:12:46,950 - INFO - Time taken: 4.09 seconds
2025-01-10 16:12:46,956 - INFO - 
Processing image 11
2025-01-10 16:12:46,956 - INFO - True label: Benign
2025-01-10 16:12:50,839 - INFO - 
XAI Method Evaluation:
2025-01-10 16:12:50,839 - INFO - GradCAM - Faithfulness: 0.018, Range: 0.000 to 0.984
2025-01-10 16:12:50,839 - INFO - SHAP - Faithfulness: 0.009, Range: 0.001 to 0.004
2025-01-10 16:12:50,839 - INFO - LIME - Faithfulness: 0.003, Range: -2.118 to 2.640
2025-01-10 16:12:50,840 - INFO - 
Method Comparison:
2025-01-10 16:12:50,840 - INFO - Best performing method: GradCAM
2025-01-10 16:12:50,840 - INFO - Recommendations:
2025-01-10 16:12:50,840 - INFO - - Consider improving GradCAM's faithfulness through better feature attribution
2025-01-10 16:12:50,840 - INFO - - Consider improving SHAP's faithfulness through better feature attribution
2025-01-10 16:12:50,840 - INFO - - Consider improving LIME's faithfulness through better feature attribution
2025-01-10 16:12:50,929 - WARNING - Clipping input data to the valid range for imshow with RGB data ([0..1] for floats or [0..255] for integers). Got range [-2.117904..2.64].
2025-01-10 16:12:50,941 - WARNING - Clipping input data to the valid range for imshow with RGB data ([0..1] for floats or [0..255] for integers). Got range [-2.117904..2.64].
2025-01-10 16:12:51,055 - INFO - Time taken: 4.11 seconds
2025-01-10 16:12:51,061 - INFO - 
Processing image 12
2025-01-10 16:12:51,061 - INFO - True label: Benign
2025-01-10 16:12:56,641 - INFO - 
XAI Method Evaluation:
2025-01-10 16:12:56,641 - INFO - GradCAM - Faithfulness: 0.053, Range: 0.000 to 0.986
2025-01-10 16:12:56,641 - INFO - SHAP - Faithfulness: 0.019, Range: 0.001 to 0.008
2025-01-10 16:12:56,642 - INFO - LIME - Faithfulness: 0.016, Range: -2.118 to 2.640
2025-01-10 16:12:56,642 - INFO - 
Method Comparison:
2025-01-10 16:12:56,643 - INFO - Best performing method: GradCAM
2025-01-10 16:12:56,643 - INFO - Recommendations:
2025-01-10 16:12:56,643 - INFO - - Consider improving GradCAM's faithfulness through better feature attribution
2025-01-10 16:12:56,644 - INFO - - Consider improving SHAP's faithfulness through better feature attribution
2025-01-10 16:12:56,644 - INFO - - Consider improving LIME's faithfulness through better feature attribution
2025-01-10 16:12:56,788 - WARNING - Clipping input data to the valid range for imshow with RGB data ([0..1] for floats or [0..255] for integers). Got range [-2.117904..2.64].
2025-01-10 16:12:56,810 - WARNING - Clipping input data to the valid range for imshow with RGB data ([0..1] for floats or [0..255] for integers). Got range [-2.117904..2.64].
2025-01-10 16:12:57,016 - INFO - Time taken: 5.96 seconds
2025-01-10 16:12:57,024 - INFO - 
Processing image 13
2025-01-10 16:12:57,025 - INFO - True label: Benign
2025-01-10 16:13:02,498 - INFO - 
XAI Method Evaluation:
2025-01-10 16:13:02,498 - INFO - GradCAM - Faithfulness: 0.022, Range: 0.000 to 0.992
2025-01-10 16:13:02,499 - INFO - SHAP - Faithfulness: 0.010, Range: 0.001 to 0.005
2025-01-10 16:13:02,499 - INFO - LIME - Faithfulness: 0.007, Range: -2.118 to 2.640
2025-01-10 16:13:02,499 - INFO - 
Method Comparison:
2025-01-10 16:13:02,500 - INFO - Best performing method: GradCAM
2025-01-10 16:13:02,500 - INFO - Recommendations:
2025-01-10 16:13:02,500 - INFO - - Consider improving GradCAM's faithfulness through better feature attribution
2025-01-10 16:13:02,500 - INFO - - Consider improving SHAP's faithfulness through better feature attribution
2025-01-10 16:13:02,500 - INFO - - Consider improving LIME's faithfulness through better feature attribution
2025-01-10 16:13:02,633 - WARNING - Clipping input data to the valid range for imshow with RGB data ([0..1] for floats or [0..255] for integers). Got range [-2.117904..2.64].
2025-01-10 16:13:02,654 - WARNING - Clipping input data to the valid range for imshow with RGB data ([0..1] for floats or [0..255] for integers). Got range [-2.117904..2.64].
2025-01-10 16:13:02,872 - INFO - Time taken: 5.85 seconds
2025-01-10 16:13:02,880 - INFO - 
Processing image 14
2025-01-10 16:13:02,880 - INFO - True label: Benign
2025-01-10 16:13:08,614 - INFO - 
XAI Method Evaluation:
2025-01-10 16:13:08,615 - INFO - GradCAM - Faithfulness: 0.053, Range: 0.000 to 0.986
2025-01-10 16:13:08,615 - INFO - SHAP - Faithfulness: 0.009, Range: 0.000 to 0.009
2025-01-10 16:13:08,615 - INFO - LIME - Faithfulness: 0.006, Range: -2.118 to 2.640
2025-01-10 16:13:08,616 - INFO - 
Method Comparison:
2025-01-10 16:13:08,616 - INFO - Best performing method: GradCAM
2025-01-10 16:13:08,616 - INFO - Recommendations:
2025-01-10 16:13:08,617 - INFO - - Consider improving GradCAM's faithfulness through better feature attribution
2025-01-10 16:13:08,617 - INFO - - Consider improving SHAP's faithfulness through better feature attribution
2025-01-10 16:13:08,617 - INFO - - Consider improving LIME's faithfulness through better feature attribution
2025-01-10 16:13:08,756 - WARNING - Clipping input data to the valid range for imshow with RGB data ([0..1] for floats or [0..255] for integers). Got range [-2.117904..2.64].
2025-01-10 16:13:08,776 - WARNING - Clipping input data to the valid range for imshow with RGB data ([0..1] for floats or [0..255] for integers). Got range [-2.117904..2.64].
2025-01-10 16:13:08,986 - INFO - Time taken: 6.11 seconds
2025-01-10 16:13:08,994 - INFO - 
Processing image 15
2025-01-10 16:13:08,994 - INFO - True label: Benign
2025-01-10 16:13:14,653 - INFO - 
XAI Method Evaluation:
2025-01-10 16:13:14,654 - INFO - GradCAM - Faithfulness: 0.051, Range: 0.000 to 0.996
2025-01-10 16:13:14,654 - INFO - SHAP - Faithfulness: 0.002, Range: 0.001 to 0.007
2025-01-10 16:13:14,655 - INFO - LIME - Faithfulness: 0.001, Range: -2.118 to 2.640
2025-01-10 16:13:14,655 - INFO - 
Method Comparison:
2025-01-10 16:13:14,655 - INFO - Best performing method: GradCAM
2025-01-10 16:13:14,656 - INFO - Recommendations:
2025-01-10 16:13:14,656 - INFO - - Consider improving GradCAM's faithfulness through better feature attribution
2025-01-10 16:13:14,656 - INFO - - Consider improving SHAP's faithfulness through better feature attribution
2025-01-10 16:13:14,656 - INFO - - Consider improving LIME's faithfulness through better feature attribution
2025-01-10 16:13:14,808 - WARNING - Clipping input data to the valid range for imshow with RGB data ([0..1] for floats or [0..255] for integers). Got range [-2.117904..2.64].
2025-01-10 16:13:14,829 - WARNING - Clipping input data to the valid range for imshow with RGB data ([0..1] for floats or [0..255] for integers). Got range [-2.117904..2.64].
2025-01-10 16:13:15,044 - INFO - Time taken: 6.06 seconds
2025-01-10 16:13:15,052 - INFO - 
Processing image 16
2025-01-10 16:13:15,053 - INFO - True label: Benign
2025-01-10 16:13:20,884 - INFO - 
XAI Method Evaluation:
2025-01-10 16:13:20,884 - INFO - GradCAM - Faithfulness: 0.039, Range: 0.000 to 0.996
2025-01-10 16:13:20,884 - INFO - SHAP - Faithfulness: 0.002, Range: 0.000 to 0.008
2025-01-10 16:13:20,884 - INFO - LIME - Faithfulness: 0.007, Range: -2.118 to 2.640
2025-01-10 16:13:20,885 - INFO - 
Method Comparison:
2025-01-10 16:13:20,885 - INFO - Best performing method: GradCAM
2025-01-10 16:13:20,886 - INFO - Recommendations:
2025-01-10 16:13:20,886 - INFO - - Consider improving GradCAM's faithfulness through better feature attribution
2025-01-10 16:13:20,886 - INFO - - Consider improving SHAP's faithfulness through better feature attribution
2025-01-10 16:13:20,886 - INFO - - Consider improving LIME's faithfulness through better feature attribution
2025-01-10 16:13:21,026 - WARNING - Clipping input data to the valid range for imshow with RGB data ([0..1] for floats or [0..255] for integers). Got range [-2.117904..2.64].
2025-01-10 16:13:21,046 - WARNING - Clipping input data to the valid range for imshow with RGB data ([0..1] for floats or [0..255] for integers). Got range [-2.117904..2.64].
2025-01-10 16:13:21,401 - INFO - Time taken: 6.36 seconds
2025-01-10 16:13:21,409 - INFO - 
Processing image 17
2025-01-10 16:13:21,409 - INFO - True label: Benign
2025-01-10 16:13:27,083 - INFO - 
XAI Method Evaluation:
2025-01-10 16:13:27,083 - INFO - GradCAM - Faithfulness: 0.032, Range: 0.000 to 0.987
2025-01-10 16:13:27,083 - INFO - SHAP - Faithfulness: 0.019, Range: 0.001 to 0.005
2025-01-10 16:13:27,084 - INFO - LIME - Faithfulness: 0.012, Range: -2.118 to 2.640
2025-01-10 16:13:27,084 - INFO - 
Method Comparison:
2025-01-10 16:13:27,084 - INFO - Best performing method: GradCAM
2025-01-10 16:13:27,084 - INFO - Recommendations:
2025-01-10 16:13:27,085 - INFO - - Consider improving GradCAM's faithfulness through better feature attribution
2025-01-10 16:13:27,085 - INFO - - Consider improving SHAP's faithfulness through better feature attribution
2025-01-10 16:13:27,085 - INFO - - Consider improving LIME's faithfulness through better feature attribution
2025-01-10 16:13:27,228 - WARNING - Clipping input data to the valid range for imshow with RGB data ([0..1] for floats or [0..255] for integers). Got range [-2.117904..2.64].
2025-01-10 16:13:27,248 - WARNING - Clipping input data to the valid range for imshow with RGB data ([0..1] for floats or [0..255] for integers). Got range [-2.117904..2.64].
2025-01-10 16:13:27,454 - INFO - Time taken: 6.05 seconds
2025-01-10 16:13:27,462 - INFO - 
Processing image 18
2025-01-10 16:13:27,463 - INFO - True label: Benign
2025-01-10 16:13:33,143 - INFO - 
XAI Method Evaluation:
2025-01-10 16:13:33,143 - INFO - GradCAM - Faithfulness: 0.041, Range: 0.000 to 0.992
2025-01-10 16:13:33,144 - INFO - SHAP - Faithfulness: 0.004, Range: 0.001 to 0.010
2025-01-10 16:13:33,144 - INFO - LIME - Faithfulness: 0.016, Range: -2.118 to 2.640
2025-01-10 16:13:33,144 - INFO - 
Method Comparison:
2025-01-10 16:13:33,145 - INFO - Best performing method: GradCAM
2025-01-10 16:13:33,145 - INFO - Recommendations:
2025-01-10 16:13:33,145 - INFO - - Consider improving GradCAM's faithfulness through better feature attribution
2025-01-10 16:13:33,146 - INFO - - Consider improving SHAP's faithfulness through better feature attribution
2025-01-10 16:13:33,146 - INFO - - Consider improving LIME's faithfulness through better feature attribution
2025-01-10 16:13:33,294 - WARNING - Clipping input data to the valid range for imshow with RGB data ([0..1] for floats or [0..255] for integers). Got range [-2.117904..2.64].
2025-01-10 16:13:33,314 - WARNING - Clipping input data to the valid range for imshow with RGB data ([0..1] for floats or [0..255] for integers). Got range [-2.117904..2.64].
2025-01-10 16:13:33,521 - INFO - Time taken: 6.07 seconds
2025-01-10 16:13:33,529 - INFO - 
Processing image 19
2025-01-10 16:13:33,529 - INFO - True label: Benign
2025-01-10 16:13:39,219 - INFO - 
XAI Method Evaluation:
2025-01-10 16:13:39,219 - INFO - GradCAM - Faithfulness: 0.059, Range: 0.000 to 0.986
2025-01-10 16:13:39,220 - INFO - SHAP - Faithfulness: 0.004, Range: 0.001 to 0.008
2025-01-10 16:13:39,220 - INFO - LIME - Faithfulness: 0.008, Range: -2.118 to 2.640
2025-01-10 16:13:39,220 - INFO - 
Method Comparison:
2025-01-10 16:13:39,220 - INFO - Best performing method: GradCAM
2025-01-10 16:13:39,221 - INFO - Recommendations:
2025-01-10 16:13:39,221 - INFO - - Consider improving GradCAM's faithfulness through better feature attribution
2025-01-10 16:13:39,221 - INFO - - Consider improving SHAP's faithfulness through better feature attribution
2025-01-10 16:13:39,221 - INFO - - Consider improving LIME's faithfulness through better feature attribution
2025-01-10 16:13:39,366 - WARNING - Clipping input data to the valid range for imshow with RGB data ([0..1] for floats or [0..255] for integers). Got range [-2.117904..2.64].
2025-01-10 16:13:39,385 - WARNING - Clipping input data to the valid range for imshow with RGB data ([0..1] for floats or [0..255] for integers). Got range [-2.117904..2.64].
2025-01-10 16:13:39,593 - INFO - Time taken: 6.07 seconds
2025-01-10 16:13:39,601 - INFO - 
Processing image 20
2025-01-10 16:13:39,601 - INFO - True label: Benign
2025-01-10 16:13:45,037 - INFO - 
XAI Method Evaluation:
2025-01-10 16:13:45,037 - INFO - GradCAM - Faithfulness: 0.017, Range: 0.000 to 0.997
2025-01-10 16:13:45,038 - INFO - SHAP - Faithfulness: 0.013, Range: 0.001 to 0.007
2025-01-10 16:13:45,038 - INFO - LIME - Faithfulness: 0.002, Range: -2.118 to 2.640
2025-01-10 16:13:45,038 - INFO - 
Method Comparison:
2025-01-10 16:13:45,039 - INFO - Best performing method: GradCAM
2025-01-10 16:13:45,039 - INFO - Recommendations:
2025-01-10 16:13:45,039 - INFO - - Consider improving GradCAM's faithfulness through better feature attribution
2025-01-10 16:13:45,040 - INFO - - Consider improving SHAP's faithfulness through better feature attribution
2025-01-10 16:13:45,040 - INFO - - Consider improving LIME's faithfulness through better feature attribution
2025-01-10 16:13:45,183 - WARNING - Clipping input data to the valid range for imshow with RGB data ([0..1] for floats or [0..255] for integers). Got range [-2.117904..2.64].
2025-01-10 16:13:45,203 - WARNING - Clipping input data to the valid range for imshow with RGB data ([0..1] for floats or [0..255] for integers). Got range [-2.117904..2.64].
2025-01-10 16:13:45,409 - INFO - Time taken: 5.82 seconds
2025-01-10 16:13:45,417 - INFO - 
Processing image 21
2025-01-10 16:13:45,417 - INFO - True label: Benign
2025-01-10 16:13:50,973 - INFO - 
XAI Method Evaluation:
2025-01-10 16:13:50,973 - INFO - GradCAM - Faithfulness: 0.015, Range: 0.000 to 0.990
2025-01-10 16:13:50,973 - INFO - SHAP - Faithfulness: 0.005, Range: 0.001 to 0.007
2025-01-10 16:13:50,974 - INFO - LIME - Faithfulness: 0.005, Range: -2.118 to 2.640
2025-01-10 16:13:50,974 - INFO - 
Method Comparison:
2025-01-10 16:13:50,974 - INFO - Best performing method: GradCAM
2025-01-10 16:13:50,975 - INFO - Recommendations:
2025-01-10 16:13:50,975 - INFO - - Consider improving GradCAM's faithfulness through better feature attribution
2025-01-10 16:13:50,975 - INFO - - Consider improving SHAP's faithfulness through better feature attribution
2025-01-10 16:13:50,976 - INFO - - Consider improving LIME's faithfulness through better feature attribution
2025-01-10 16:13:51,118 - WARNING - Clipping input data to the valid range for imshow with RGB data ([0..1] for floats or [0..255] for integers). Got range [-2.117904..2.64].
2025-01-10 16:13:51,137 - WARNING - Clipping input data to the valid range for imshow with RGB data ([0..1] for floats or [0..255] for integers). Got range [-2.117904..2.64].
2025-01-10 16:13:51,347 - INFO - Time taken: 5.94 seconds
2025-01-10 16:13:51,354 - INFO - 
Processing image 22
2025-01-10 16:13:51,355 - INFO - True label: Benign
2025-01-10 16:13:56,720 - INFO - 
XAI Method Evaluation:
2025-01-10 16:13:56,720 - INFO - GradCAM - Faithfulness: 0.038, Range: 0.000 to 0.981
2025-01-10 16:13:56,721 - INFO - SHAP - Faithfulness: 0.003, Range: 0.000 to 0.008
2025-01-10 16:13:56,721 - INFO - LIME - Faithfulness: 0.012, Range: -2.118 to 2.640
2025-01-10 16:13:56,722 - INFO - 
Method Comparison:
2025-01-10 16:13:56,722 - INFO - Best performing method: GradCAM
2025-01-10 16:13:56,722 - INFO - Recommendations:
2025-01-10 16:13:56,722 - INFO - - Consider improving GradCAM's faithfulness through better feature attribution
2025-01-10 16:13:56,723 - INFO - - Consider improving SHAP's faithfulness through better feature attribution
2025-01-10 16:13:56,723 - INFO - - Consider improving LIME's faithfulness through better feature attribution
2025-01-10 16:13:56,866 - WARNING - Clipping input data to the valid range for imshow with RGB data ([0..1] for floats or [0..255] for integers). Got range [-2.117904..2.64].
2025-01-10 16:13:56,888 - WARNING - Clipping input data to the valid range for imshow with RGB data ([0..1] for floats or [0..255] for integers). Got range [-2.117904..2.64].
2025-01-10 16:13:57,093 - INFO - Time taken: 5.75 seconds
2025-01-10 16:13:57,101 - INFO - 
Processing image 23
2025-01-10 16:13:57,101 - INFO - True label: Benign
2025-01-10 16:14:02,647 - INFO - 
XAI Method Evaluation:
2025-01-10 16:14:02,648 - INFO - GradCAM - Faithfulness: 0.021, Range: 0.000 to 0.986
2025-01-10 16:14:02,648 - INFO - SHAP - Faithfulness: 0.006, Range: 0.000 to 0.005
2025-01-10 16:14:02,649 - INFO - LIME - Faithfulness: 0.009, Range: -2.118 to 2.640
2025-01-10 16:14:02,649 - INFO - 
Method Comparison:
2025-01-10 16:14:02,649 - INFO - Best performing method: GradCAM
2025-01-10 16:14:02,650 - INFO - Recommendations:
2025-01-10 16:14:02,650 - INFO - - Consider improving GradCAM's faithfulness through better feature attribution
2025-01-10 16:14:02,650 - INFO - - Consider improving SHAP's faithfulness through better feature attribution
2025-01-10 16:14:02,651 - INFO - - Consider improving LIME's faithfulness through better feature attribution
2025-01-10 16:14:02,801 - WARNING - Clipping input data to the valid range for imshow with RGB data ([0..1] for floats or [0..255] for integers). Got range [-2.117904..2.64].
2025-01-10 16:14:02,820 - WARNING - Clipping input data to the valid range for imshow with RGB data ([0..1] for floats or [0..255] for integers). Got range [-2.117904..2.64].
2025-01-10 16:14:03,028 - INFO - Time taken: 5.93 seconds
2025-01-10 16:14:03,036 - INFO - 
Processing image 24
2025-01-10 16:14:03,036 - INFO - True label: Benign
2025-01-10 16:14:08,787 - INFO - 
XAI Method Evaluation:
2025-01-10 16:14:08,788 - INFO - GradCAM - Faithfulness: 0.012, Range: 0.000 to 0.987
2025-01-10 16:14:08,788 - INFO - SHAP - Faithfulness: 0.011, Range: 0.000 to 0.010
2025-01-10 16:14:08,789 - INFO - LIME - Faithfulness: 0.007, Range: -2.118 to 2.640
2025-01-10 16:14:08,789 - INFO - 
Method Comparison:
2025-01-10 16:14:08,789 - INFO - Best performing method: GradCAM
2025-01-10 16:14:08,790 - INFO - Recommendations:
2025-01-10 16:14:08,790 - INFO - - Consider improving GradCAM's faithfulness through better feature attribution
2025-01-10 16:14:08,790 - INFO - - Consider improving SHAP's faithfulness through better feature attribution
2025-01-10 16:14:08,791 - INFO - - Consider improving LIME's faithfulness through better feature attribution
2025-01-10 16:14:08,931 - WARNING - Clipping input data to the valid range for imshow with RGB data ([0..1] for floats or [0..255] for integers). Got range [-2.117904..2.64].
2025-01-10 16:14:08,951 - WARNING - Clipping input data to the valid range for imshow with RGB data ([0..1] for floats or [0..255] for integers). Got range [-2.117904..2.64].
2025-01-10 16:14:09,158 - INFO - Time taken: 6.13 seconds
2025-01-10 16:14:09,165 - INFO - 
Processing image 25
2025-01-10 16:14:09,166 - INFO - True label: Benign
2025-01-10 16:14:15,091 - INFO - 
XAI Method Evaluation:
2025-01-10 16:14:15,091 - INFO - GradCAM - Faithfulness: 0.025, Range: 0.000 to 0.000
2025-01-10 16:14:15,092 - INFO - SHAP - Faithfulness: 0.001, Range: 0.000 to 0.006
2025-01-10 16:14:15,092 - INFO - LIME - Faithfulness: 0.002, Range: -2.118 to 2.640
2025-01-10 16:14:15,092 - INFO - 
Method Comparison:
2025-01-10 16:14:15,093 - INFO - Best performing method: GradCAM
2025-01-10 16:14:15,093 - INFO - Recommendations:
2025-01-10 16:14:15,093 - INFO - - Consider improving GradCAM's faithfulness through better feature attribution
2025-01-10 16:14:15,093 - INFO - - Consider improving SHAP's faithfulness through better feature attribution
2025-01-10 16:14:15,093 - INFO - - Consider improving LIME's faithfulness through better feature attribution
2025-01-10 16:14:15,242 - WARNING - Clipping input data to the valid range for imshow with RGB data ([0..1] for floats or [0..255] for integers). Got range [-2.117904..2.64].
2025-01-10 16:14:15,263 - WARNING - Clipping input data to the valid range for imshow with RGB data ([0..1] for floats or [0..255] for integers). Got range [-2.117904..2.64].
2025-01-10 16:14:15,462 - INFO - Time taken: 6.30 seconds
2025-01-10 16:14:15,470 - INFO - 
Processing image 26
2025-01-10 16:14:15,470 - INFO - True label: Benign
2025-01-10 16:14:21,134 - INFO - 
XAI Method Evaluation:
2025-01-10 16:14:21,135 - INFO - GradCAM - Faithfulness: 0.029, Range: 0.000 to 0.987
2025-01-10 16:14:21,136 - INFO - SHAP - Faithfulness: 0.003, Range: 0.001 to 0.007
2025-01-10 16:14:21,136 - INFO - LIME - Faithfulness: 0.001, Range: -2.118 to 2.640
2025-01-10 16:14:21,136 - INFO - 
Method Comparison:
2025-01-10 16:14:21,136 - INFO - Best performing method: GradCAM
2025-01-10 16:14:21,137 - INFO - Recommendations:
2025-01-10 16:14:21,137 - INFO - - Consider improving GradCAM's faithfulness through better feature attribution
2025-01-10 16:14:21,137 - INFO - - Consider improving SHAP's faithfulness through better feature attribution
2025-01-10 16:14:21,137 - INFO - - Consider improving LIME's faithfulness through better feature attribution
2025-01-10 16:14:21,286 - WARNING - Clipping input data to the valid range for imshow with RGB data ([0..1] for floats or [0..255] for integers). Got range [-2.117904..2.64].
2025-01-10 16:14:21,305 - WARNING - Clipping input data to the valid range for imshow with RGB data ([0..1] for floats or [0..255] for integers). Got range [-2.117904..2.64].
2025-01-10 16:14:21,509 - INFO - Time taken: 6.05 seconds
2025-01-10 16:14:21,517 - INFO - 
Processing image 27
2025-01-10 16:14:21,518 - INFO - True label: Benign
2025-01-10 16:14:27,018 - INFO - 
XAI Method Evaluation:
2025-01-10 16:14:27,018 - INFO - GradCAM - Faithfulness: 0.002, Range: 0.000 to 0.994
2025-01-10 16:14:27,019 - INFO - SHAP - Faithfulness: 0.010, Range: 0.000 to 0.004
2025-01-10 16:14:27,019 - INFO - LIME - Faithfulness: 0.011, Range: -2.118 to 2.640
2025-01-10 16:14:27,020 - INFO - 
Method Comparison:
2025-01-10 16:14:27,020 - INFO - Best performing method: LIME
2025-01-10 16:14:27,020 - INFO - Recommendations:
2025-01-10 16:14:27,020 - INFO - - Consider improving GradCAM's faithfulness through better feature attribution
2025-01-10 16:14:27,021 - INFO - - Consider improving SHAP's faithfulness through better feature attribution
2025-01-10 16:14:27,021 - INFO - - Consider improving LIME's faithfulness through better feature attribution
2025-01-10 16:14:27,159 - WARNING - Clipping input data to the valid range for imshow with RGB data ([0..1] for floats or [0..255] for integers). Got range [-2.117904..2.64].
2025-01-10 16:14:27,336 - WARNING - Clipping input data to the valid range for imshow with RGB data ([0..1] for floats or [0..255] for integers). Got range [-2.117904..2.64].
2025-01-10 16:14:27,546 - INFO - Time taken: 6.04 seconds
2025-01-10 16:14:27,554 - INFO - 
Processing image 28
2025-01-10 16:14:27,554 - INFO - True label: Benign
2025-01-10 16:14:33,121 - INFO - 
XAI Method Evaluation:
2025-01-10 16:14:33,121 - INFO - GradCAM - Faithfulness: 0.018, Range: 0.000 to 0.993
2025-01-10 16:14:33,121 - INFO - SHAP - Faithfulness: 0.007, Range: 0.001 to 0.007
2025-01-10 16:14:33,122 - INFO - LIME - Faithfulness: 0.005, Range: -2.118 to 2.640
2025-01-10 16:14:33,122 - INFO - 
Method Comparison:
2025-01-10 16:14:33,122 - INFO - Best performing method: GradCAM
2025-01-10 16:14:33,122 - INFO - Recommendations:
2025-01-10 16:14:33,123 - INFO - - Consider improving GradCAM's faithfulness through better feature attribution
2025-01-10 16:14:33,123 - INFO - - Consider improving SHAP's faithfulness through better feature attribution
2025-01-10 16:14:33,123 - INFO - - Consider improving LIME's faithfulness through better feature attribution
2025-01-10 16:14:33,274 - WARNING - Clipping input data to the valid range for imshow with RGB data ([0..1] for floats or [0..255] for integers). Got range [-2.117904..2.64].
2025-01-10 16:14:33,294 - WARNING - Clipping input data to the valid range for imshow with RGB data ([0..1] for floats or [0..255] for integers). Got range [-2.117904..2.64].
2025-01-10 16:14:33,505 - INFO - Time taken: 5.96 seconds
2025-01-10 16:14:33,514 - INFO - 
Processing image 29
2025-01-10 16:14:33,514 - INFO - True label: Benign
2025-01-10 16:14:38,972 - INFO - 
XAI Method Evaluation:
2025-01-10 16:14:38,972 - INFO - GradCAM - Faithfulness: 0.052, Range: 0.000 to 0.992
2025-01-10 16:14:38,972 - INFO - SHAP - Faithfulness: 0.007, Range: 0.001 to 0.008
2025-01-10 16:14:38,973 - INFO - LIME - Faithfulness: 0.004, Range: -2.118 to 2.640
2025-01-10 16:14:38,973 - INFO - 
Method Comparison:
2025-01-10 16:14:38,973 - INFO - Best performing method: GradCAM
2025-01-10 16:14:38,973 - INFO - Recommendations:
2025-01-10 16:14:38,973 - INFO - - Consider improving GradCAM's faithfulness through better feature attribution
2025-01-10 16:14:38,974 - INFO - - Consider improving SHAP's faithfulness through better feature attribution
2025-01-10 16:14:38,974 - INFO - - Consider improving LIME's faithfulness through better feature attribution
2025-01-10 16:14:39,107 - WARNING - Clipping input data to the valid range for imshow with RGB data ([0..1] for floats or [0..255] for integers). Got range [-2.117904..2.64].
2025-01-10 16:14:39,126 - WARNING - Clipping input data to the valid range for imshow with RGB data ([0..1] for floats or [0..255] for integers). Got range [-2.117904..2.64].
2025-01-10 16:14:39,333 - INFO - Time taken: 5.83 seconds
2025-01-10 16:14:39,340 - INFO - 
Processing image 30
2025-01-10 16:14:39,340 - INFO - True label: Benign
2025-01-10 16:14:44,968 - INFO - 
XAI Method Evaluation:
2025-01-10 16:14:44,969 - INFO - GradCAM - Faithfulness: 0.024, Range: 0.000 to 0.983
2025-01-10 16:14:44,969 - INFO - SHAP - Faithfulness: 0.001, Range: 0.001 to 0.006
2025-01-10 16:14:44,969 - INFO - LIME - Faithfulness: 0.004, Range: -2.118 to 2.640
2025-01-10 16:14:44,970 - INFO - 
Method Comparison:
2025-01-10 16:14:44,970 - INFO - Best performing method: GradCAM
2025-01-10 16:14:44,970 - INFO - Recommendations:
2025-01-10 16:14:44,970 - INFO - - Consider improving GradCAM's faithfulness through better feature attribution
2025-01-10 16:14:44,970 - INFO - - Consider improving SHAP's faithfulness through better feature attribution
2025-01-10 16:14:44,970 - INFO - - Consider improving LIME's faithfulness through better feature attribution
2025-01-10 16:14:45,120 - WARNING - Clipping input data to the valid range for imshow with RGB data ([0..1] for floats or [0..255] for integers). Got range [-2.117904..2.64].
2025-01-10 16:14:45,139 - WARNING - Clipping input data to the valid range for imshow with RGB data ([0..1] for floats or [0..255] for integers). Got range [-2.117904..2.64].
2025-01-10 16:14:45,342 - INFO - Time taken: 6.01 seconds
2025-01-10 16:14:45,350 - INFO - 
Processing image 31
2025-01-10 16:14:45,350 - INFO - True label: Benign
2025-01-10 16:14:50,901 - INFO - 
XAI Method Evaluation:
2025-01-10 16:14:50,901 - INFO - GradCAM - Faithfulness: 0.006, Range: 0.000 to 0.989
2025-01-10 16:14:50,901 - INFO - SHAP - Faithfulness: 0.005, Range: 0.001 to 0.008
2025-01-10 16:14:50,902 - INFO - LIME - Faithfulness: 0.007, Range: -2.118 to 2.640
2025-01-10 16:14:50,902 - INFO - 
Method Comparison:
2025-01-10 16:14:50,903 - INFO - Best performing method: LIME
2025-01-10 16:14:50,903 - INFO - Recommendations:
2025-01-10 16:14:50,903 - INFO - - Consider improving GradCAM's faithfulness through better feature attribution
2025-01-10 16:14:50,904 - INFO - - Consider improving SHAP's faithfulness through better feature attribution
2025-01-10 16:14:50,904 - INFO - - Consider improving LIME's faithfulness through better feature attribution
2025-01-10 16:14:51,059 - WARNING - Clipping input data to the valid range for imshow with RGB data ([0..1] for floats or [0..255] for integers). Got range [-2.117904..2.64].
2025-01-10 16:14:51,079 - WARNING - Clipping input data to the valid range for imshow with RGB data ([0..1] for floats or [0..255] for integers). Got range [-2.117904..2.64].
2025-01-10 16:14:51,285 - INFO - Time taken: 5.94 seconds
2025-01-10 16:14:51,294 - INFO - 
Processing image 32
2025-01-10 16:14:51,294 - INFO - True label: Benign
2025-01-10 16:14:56,877 - INFO - 
XAI Method Evaluation:
2025-01-10 16:14:56,877 - INFO - GradCAM - Faithfulness: 0.016, Range: 0.000 to 0.986
2025-01-10 16:14:56,877 - INFO - SHAP - Faithfulness: 0.001, Range: 0.000 to 0.005
2025-01-10 16:14:56,878 - INFO - LIME - Faithfulness: 0.005, Range: -2.118 to 2.640
2025-01-10 16:14:56,878 - INFO - 
Method Comparison:
2025-01-10 16:14:56,878 - INFO - Best performing method: GradCAM
2025-01-10 16:14:56,878 - INFO - Recommendations:
2025-01-10 16:14:56,879 - INFO - - Consider improving GradCAM's faithfulness through better feature attribution
2025-01-10 16:14:56,879 - INFO - - Consider improving SHAP's faithfulness through better feature attribution
2025-01-10 16:14:56,879 - INFO - - Consider improving LIME's faithfulness through better feature attribution
2025-01-10 16:14:57,018 - WARNING - Clipping input data to the valid range for imshow with RGB data ([0..1] for floats or [0..255] for integers). Got range [-2.117904..2.64].
2025-01-10 16:14:57,038 - WARNING - Clipping input data to the valid range for imshow with RGB data ([0..1] for floats or [0..255] for integers). Got range [-2.117904..2.64].
2025-01-10 16:14:57,247 - INFO - Time taken: 5.96 seconds
2025-01-10 16:14:57,255 - INFO - 
Processing image 33
2025-01-10 16:14:57,255 - INFO - True label: Benign
2025-01-10 16:15:02,585 - INFO - 
XAI Method Evaluation:
2025-01-10 16:15:02,586 - INFO - GradCAM - Faithfulness: 0.016, Range: 0.000 to 0.994
2025-01-10 16:15:02,586 - INFO - SHAP - Faithfulness: 0.009, Range: 0.001 to 0.005
2025-01-10 16:15:02,586 - INFO - LIME - Faithfulness: 0.010, Range: -2.118 to 2.640
2025-01-10 16:15:02,587 - INFO - 
Method Comparison:
2025-01-10 16:15:02,587 - INFO - Best performing method: GradCAM
2025-01-10 16:15:02,587 - INFO - Recommendations:
2025-01-10 16:15:02,588 - INFO - - Consider improving GradCAM's faithfulness through better feature attribution
2025-01-10 16:15:02,588 - INFO - - Consider improving SHAP's faithfulness through better feature attribution
2025-01-10 16:15:02,588 - INFO - - Consider improving LIME's faithfulness through better feature attribution
2025-01-10 16:15:02,727 - WARNING - Clipping input data to the valid range for imshow with RGB data ([0..1] for floats or [0..255] for integers). Got range [-2.117904..2.64].
2025-01-10 16:15:02,747 - WARNING - Clipping input data to the valid range for imshow with RGB data ([0..1] for floats or [0..255] for integers). Got range [-2.117904..2.64].
2025-01-10 16:15:02,958 - INFO - Time taken: 5.71 seconds
2025-01-10 16:15:02,966 - INFO - 
Processing image 34
2025-01-10 16:15:02,967 - INFO - True label: Benign
2025-01-10 16:15:08,411 - INFO - 
XAI Method Evaluation:
2025-01-10 16:15:08,411 - INFO - GradCAM - Faithfulness: 0.003, Range: 0.000 to 0.989
2025-01-10 16:15:08,412 - INFO - SHAP - Faithfulness: 0.010, Range: 0.001 to 0.005
2025-01-10 16:15:08,412 - INFO - LIME - Faithfulness: 0.016, Range: -2.118 to 2.640
2025-01-10 16:15:08,412 - INFO - 
Method Comparison:
2025-01-10 16:15:08,413 - INFO - Best performing method: LIME
2025-01-10 16:15:08,413 - INFO - Recommendations:
2025-01-10 16:15:08,413 - INFO - - Consider improving GradCAM's faithfulness through better feature attribution
2025-01-10 16:15:08,413 - INFO - - Consider improving SHAP's faithfulness through better feature attribution
2025-01-10 16:15:08,413 - INFO - - Consider improving LIME's faithfulness through better feature attribution
2025-01-10 16:15:08,548 - WARNING - Clipping input data to the valid range for imshow with RGB data ([0..1] for floats or [0..255] for integers). Got range [-2.117904..2.64].
2025-01-10 16:15:08,568 - WARNING - Clipping input data to the valid range for imshow with RGB data ([0..1] for floats or [0..255] for integers). Got range [-2.117904..2.64].
2025-01-10 16:15:08,776 - INFO - Time taken: 5.82 seconds
2025-01-10 16:15:08,784 - INFO - 
Processing image 35
2025-01-10 16:15:08,784 - INFO - True label: Benign
2025-01-10 16:15:14,156 - INFO - 
XAI Method Evaluation:
2025-01-10 16:15:14,156 - INFO - GradCAM - Faithfulness: 0.030, Range: 0.000 to 0.994
2025-01-10 16:15:14,156 - INFO - SHAP - Faithfulness: 0.008, Range: 0.001 to 0.006
2025-01-10 16:15:14,157 - INFO - LIME - Faithfulness: 0.004, Range: -2.118 to 2.640
2025-01-10 16:15:14,157 - INFO - 
Method Comparison:
2025-01-10 16:15:14,157 - INFO - Best performing method: GradCAM
2025-01-10 16:15:14,157 - INFO - Recommendations:
2025-01-10 16:15:14,158 - INFO - - Consider improving GradCAM's faithfulness through better feature attribution
2025-01-10 16:15:14,158 - INFO - - Consider improving SHAP's faithfulness through better feature attribution
2025-01-10 16:15:14,158 - INFO - - Consider improving LIME's faithfulness through better feature attribution
2025-01-10 16:15:14,298 - WARNING - Clipping input data to the valid range for imshow with RGB data ([0..1] for floats or [0..255] for integers). Got range [-2.117904..2.64].
2025-01-10 16:15:14,318 - WARNING - Clipping input data to the valid range for imshow with RGB data ([0..1] for floats or [0..255] for integers). Got range [-2.117904..2.64].
2025-01-10 16:15:14,529 - INFO - Time taken: 5.75 seconds
2025-01-10 16:15:14,536 - INFO - 
Processing image 36
2025-01-10 16:15:14,537 - INFO - True label: Benign
2025-01-10 16:15:20,214 - INFO - 
XAI Method Evaluation:
2025-01-10 16:15:20,214 - INFO - GradCAM - Faithfulness: 0.017, Range: 0.000 to 0.986
2025-01-10 16:15:20,215 - INFO - SHAP - Faithfulness: 0.008, Range: 0.000 to 0.009
2025-01-10 16:15:20,215 - INFO - LIME - Faithfulness: 0.012, Range: -2.118 to 2.640
2025-01-10 16:15:20,215 - INFO - 
Method Comparison:
2025-01-10 16:15:20,216 - INFO - Best performing method: GradCAM
2025-01-10 16:15:20,216 - INFO - Recommendations:
2025-01-10 16:15:20,216 - INFO - - Consider improving GradCAM's faithfulness through better feature attribution
2025-01-10 16:15:20,217 - INFO - - Consider improving SHAP's faithfulness through better feature attribution
2025-01-10 16:15:20,217 - INFO - - Consider improving LIME's faithfulness through better feature attribution
2025-01-10 16:15:20,355 - WARNING - Clipping input data to the valid range for imshow with RGB data ([0..1] for floats or [0..255] for integers). Got range [-2.117904..2.64].
2025-01-10 16:15:20,375 - WARNING - Clipping input data to the valid range for imshow with RGB data ([0..1] for floats or [0..255] for integers). Got range [-2.117904..2.64].
2025-01-10 16:15:20,582 - INFO - Time taken: 6.05 seconds
2025-01-10 16:15:20,590 - INFO - 
Processing image 37
2025-01-10 16:15:20,590 - INFO - True label: Benign
2025-01-10 16:15:26,103 - INFO - 
XAI Method Evaluation:
2025-01-10 16:15:26,104 - INFO - GradCAM - Faithfulness: 0.001, Range: 0.000 to 0.997
2025-01-10 16:15:26,104 - INFO - SHAP - Faithfulness: 0.001, Range: 0.000 to 0.007
2025-01-10 16:15:26,105 - INFO - LIME - Faithfulness: 0.009, Range: -2.118 to 2.640
2025-01-10 16:15:26,105 - INFO - 
Method Comparison:
2025-01-10 16:15:26,105 - INFO - Best performing method: LIME
2025-01-10 16:15:26,105 - INFO - Recommendations:
2025-01-10 16:15:26,105 - INFO - - Consider improving GradCAM's faithfulness through better feature attribution
2025-01-10 16:15:26,106 - INFO - - Consider improving SHAP's faithfulness through better feature attribution
2025-01-10 16:15:26,106 - INFO - - Consider improving LIME's faithfulness through better feature attribution
2025-01-10 16:15:26,240 - WARNING - Clipping input data to the valid range for imshow with RGB data ([0..1] for floats or [0..255] for integers). Got range [-2.117904..2.64].
2025-01-10 16:15:26,259 - WARNING - Clipping input data to the valid range for imshow with RGB data ([0..1] for floats or [0..255] for integers). Got range [-2.117904..2.64].
2025-01-10 16:15:26,466 - INFO - Time taken: 5.88 seconds
2025-01-10 16:15:26,474 - INFO - 
Processing image 38
2025-01-10 16:15:26,474 - INFO - True label: Benign
2025-01-10 16:15:31,944 - INFO - 
XAI Method Evaluation:
2025-01-10 16:15:31,945 - INFO - GradCAM - Faithfulness: 0.051, Range: 0.000 to 0.992
2025-01-10 16:15:31,945 - INFO - SHAP - Faithfulness: 0.008, Range: 0.001 to 0.005
2025-01-10 16:15:31,945 - INFO - LIME - Faithfulness: 0.008, Range: -2.118 to 2.640
2025-01-10 16:15:31,946 - INFO - 
Method Comparison:
2025-01-10 16:15:31,946 - INFO - Best performing method: GradCAM
2025-01-10 16:15:31,946 - INFO - Recommendations:
2025-01-10 16:15:31,946 - INFO - - Consider improving GradCAM's faithfulness through better feature attribution
2025-01-10 16:15:31,946 - INFO - - Consider improving SHAP's faithfulness through better feature attribution
2025-01-10 16:15:31,947 - INFO - - Consider improving LIME's faithfulness through better feature attribution
2025-01-10 16:15:32,089 - WARNING - Clipping input data to the valid range for imshow with RGB data ([0..1] for floats or [0..255] for integers). Got range [-2.117904..2.64].
2025-01-10 16:15:32,265 - WARNING - Clipping input data to the valid range for imshow with RGB data ([0..1] for floats or [0..255] for integers). Got range [-2.117904..2.64].
2025-01-10 16:15:32,475 - INFO - Time taken: 6.01 seconds
2025-01-10 16:15:32,483 - INFO - 
Processing image 39
2025-01-10 16:15:32,483 - INFO - True label: Benign
2025-01-10 16:15:37,982 - INFO - 
XAI Method Evaluation:
2025-01-10 16:15:37,983 - INFO - GradCAM - Faithfulness: 0.051, Range: 0.000 to 0.997
2025-01-10 16:15:37,983 - INFO - SHAP - Faithfulness: 0.009, Range: 0.001 to 0.005
2025-01-10 16:15:37,983 - INFO - LIME - Faithfulness: 0.011, Range: -2.118 to 2.640
2025-01-10 16:15:37,984 - INFO - 
Method Comparison:
2025-01-10 16:15:37,984 - INFO - Best performing method: GradCAM
2025-01-10 16:15:37,984 - INFO - Recommendations:
2025-01-10 16:15:37,984 - INFO - - Consider improving GradCAM's faithfulness through better feature attribution
2025-01-10 16:15:37,984 - INFO - - Consider improving SHAP's faithfulness through better feature attribution
2025-01-10 16:15:37,985 - INFO - - Consider improving LIME's faithfulness through better feature attribution
2025-01-10 16:15:38,135 - WARNING - Clipping input data to the valid range for imshow with RGB data ([0..1] for floats or [0..255] for integers). Got range [-2.117904..2.64].
2025-01-10 16:15:38,157 - WARNING - Clipping input data to the valid range for imshow with RGB data ([0..1] for floats or [0..255] for integers). Got range [-2.117904..2.64].
2025-01-10 16:15:38,362 - INFO - Time taken: 5.89 seconds
2025-01-10 16:15:38,370 - INFO - 
Processing image 40
2025-01-10 16:15:38,370 - INFO - True label: Benign
2025-01-10 16:15:43,838 - INFO - 
XAI Method Evaluation:
2025-01-10 16:15:43,838 - INFO - GradCAM - Faithfulness: 0.016, Range: 0.000 to 0.990
2025-01-10 16:15:43,838 - INFO - SHAP - Faithfulness: 0.004, Range: 0.001 to 0.012
2025-01-10 16:15:43,839 - INFO - LIME - Faithfulness: 0.002, Range: -2.118 to 2.640
2025-01-10 16:15:43,839 - INFO - 
Method Comparison:
2025-01-10 16:15:43,840 - INFO - Best performing method: GradCAM
2025-01-10 16:15:43,840 - INFO - Recommendations:
2025-01-10 16:15:43,840 - INFO - - Consider improving GradCAM's faithfulness through better feature attribution
2025-01-10 16:15:43,841 - INFO - - Consider improving SHAP's faithfulness through better feature attribution
2025-01-10 16:15:43,841 - INFO - - Consider improving LIME's faithfulness through better feature attribution
2025-01-10 16:15:43,991 - WARNING - Clipping input data to the valid range for imshow with RGB data ([0..1] for floats or [0..255] for integers). Got range [-2.117904..2.64].
2025-01-10 16:15:44,010 - WARNING - Clipping input data to the valid range for imshow with RGB data ([0..1] for floats or [0..255] for integers). Got range [-2.117904..2.64].
2025-01-10 16:15:44,219 - INFO - Time taken: 5.86 seconds
2025-01-10 16:15:44,227 - INFO - 
Processing image 41
2025-01-10 16:15:44,227 - INFO - True label: Benign
2025-01-10 16:15:49,746 - INFO - 
XAI Method Evaluation:
2025-01-10 16:15:49,746 - INFO - GradCAM - Faithfulness: 0.045, Range: 0.000 to 0.983
2025-01-10 16:15:49,747 - INFO - SHAP - Faithfulness: 0.007, Range: 0.001 to 0.005
2025-01-10 16:15:49,747 - INFO - LIME - Faithfulness: 0.009, Range: -2.118 to 2.640
2025-01-10 16:15:49,747 - INFO - 
Method Comparison:
2025-01-10 16:15:49,747 - INFO - Best performing method: GradCAM
2025-01-10 16:15:49,748 - INFO - Recommendations:
2025-01-10 16:15:49,748 - INFO - - Consider improving GradCAM's faithfulness through better feature attribution
2025-01-10 16:15:49,748 - INFO - - Consider improving SHAP's faithfulness through better feature attribution
2025-01-10 16:15:49,748 - INFO - - Consider improving LIME's faithfulness through better feature attribution
2025-01-10 16:15:49,880 - WARNING - Clipping input data to the valid range for imshow with RGB data ([0..1] for floats or [0..255] for integers). Got range [-2.117904..2.64].
2025-01-10 16:15:49,900 - WARNING - Clipping input data to the valid range for imshow with RGB data ([0..1] for floats or [0..255] for integers). Got range [-2.117904..2.64].
2025-01-10 16:15:50,101 - INFO - Time taken: 5.88 seconds
2025-01-10 16:15:50,110 - INFO - 
Processing image 42
2025-01-10 16:15:50,110 - INFO - True label: Benign
2025-01-10 16:15:55,912 - INFO - 
XAI Method Evaluation:
2025-01-10 16:15:55,912 - INFO - GradCAM - Faithfulness: 0.094, Range: 0.000 to 0.993
2025-01-10 16:15:55,913 - INFO - SHAP - Faithfulness: 0.001, Range: 0.000 to 0.007
2025-01-10 16:15:55,913 - INFO - LIME - Faithfulness: 0.005, Range: -2.118 to 2.640
2025-01-10 16:15:55,913 - INFO - 
Method Comparison:
2025-01-10 16:15:55,914 - INFO - Best performing method: GradCAM
2025-01-10 16:15:55,914 - INFO - Recommendations:
2025-01-10 16:15:55,914 - INFO - - Consider improving GradCAM's faithfulness through better feature attribution
2025-01-10 16:15:55,914 - INFO - - Consider improving SHAP's faithfulness through better feature attribution
2025-01-10 16:15:55,915 - INFO - - Consider improving LIME's faithfulness through better feature attribution
2025-01-10 16:15:56,061 - WARNING - Clipping input data to the valid range for imshow with RGB data ([0..1] for floats or [0..255] for integers). Got range [-2.117904..2.64].
2025-01-10 16:15:56,081 - WARNING - Clipping input data to the valid range for imshow with RGB data ([0..1] for floats or [0..255] for integers). Got range [-2.117904..2.64].
2025-01-10 16:15:56,288 - INFO - Time taken: 6.19 seconds
2025-01-10 16:15:56,295 - INFO - 
Processing image 43
2025-01-10 16:15:56,295 - INFO - True label: Benign
2025-01-10 16:16:02,290 - INFO - 
XAI Method Evaluation:
2025-01-10 16:16:02,290 - INFO - GradCAM - Faithfulness: 0.017, Range: 0.000 to 0.981
2025-01-10 16:16:02,291 - INFO - SHAP - Faithfulness: 0.003, Range: 0.000 to 0.009
2025-01-10 16:16:02,291 - INFO - LIME - Faithfulness: 0.008, Range: -2.118 to 2.640
2025-01-10 16:16:02,292 - INFO - 
Method Comparison:
2025-01-10 16:16:02,292 - INFO - Best performing method: GradCAM
2025-01-10 16:16:02,292 - INFO - Recommendations:
2025-01-10 16:16:02,293 - INFO - - Consider improving GradCAM's faithfulness through better feature attribution
2025-01-10 16:16:02,293 - INFO - - Consider improving SHAP's faithfulness through better feature attribution
2025-01-10 16:16:02,293 - INFO - - Consider improving LIME's faithfulness through better feature attribution
2025-01-10 16:16:02,442 - WARNING - Clipping input data to the valid range for imshow with RGB data ([0..1] for floats or [0..255] for integers). Got range [-2.117904..2.64].
2025-01-10 16:16:02,462 - WARNING - Clipping input data to the valid range for imshow with RGB data ([0..1] for floats or [0..255] for integers). Got range [-2.117904..2.64].
2025-01-10 16:16:02,670 - INFO - Time taken: 6.38 seconds
2025-01-10 16:16:02,678 - INFO - 
Processing image 44
2025-01-10 16:16:02,678 - INFO - True label: Benign
2025-01-10 16:16:08,184 - INFO - 
XAI Method Evaluation:
2025-01-10 16:16:08,184 - INFO - GradCAM - Faithfulness: 0.004, Range: 0.000 to 0.995
2025-01-10 16:16:08,184 - INFO - SHAP - Faithfulness: 0.001, Range: 0.001 to 0.006
2025-01-10 16:16:08,185 - INFO - LIME - Faithfulness: 0.003, Range: -2.118 to 2.640
2025-01-10 16:16:08,185 - INFO - 
Method Comparison:
2025-01-10 16:16:08,185 - INFO - Best performing method: GradCAM
2025-01-10 16:16:08,185 - INFO - Recommendations:
2025-01-10 16:16:08,186 - INFO - - Consider improving GradCAM's faithfulness through better feature attribution
2025-01-10 16:16:08,186 - INFO - - Consider improving SHAP's faithfulness through better feature attribution
2025-01-10 16:16:08,186 - INFO - - Consider improving LIME's faithfulness through better feature attribution
2025-01-10 16:16:08,333 - WARNING - Clipping input data to the valid range for imshow with RGB data ([0..1] for floats or [0..255] for integers). Got range [-2.117904..2.64].
2025-01-10 16:16:08,352 - WARNING - Clipping input data to the valid range for imshow with RGB data ([0..1] for floats or [0..255] for integers). Got range [-2.117904..2.64].
2025-01-10 16:16:08,558 - INFO - Time taken: 5.89 seconds
2025-01-10 16:16:08,566 - INFO - 
Processing image 45
2025-01-10 16:16:08,567 - INFO - True label: Benign
2025-01-10 16:16:13,921 - INFO - 
XAI Method Evaluation:
2025-01-10 16:16:13,922 - INFO - GradCAM - Faithfulness: 0.041, Range: 0.000 to 0.996
2025-01-10 16:16:13,922 - INFO - SHAP - Faithfulness: 0.011, Range: 0.000 to 0.005
2025-01-10 16:16:13,922 - INFO - LIME - Faithfulness: 0.009, Range: -2.118 to 2.640
2025-01-10 16:16:13,923 - INFO - 
Method Comparison:
2025-01-10 16:16:13,923 - INFO - Best performing method: GradCAM
2025-01-10 16:16:13,923 - INFO - Recommendations:
2025-01-10 16:16:13,923 - INFO - - Consider improving GradCAM's faithfulness through better feature attribution
2025-01-10 16:16:13,924 - INFO - - Consider improving SHAP's faithfulness through better feature attribution
2025-01-10 16:16:13,924 - INFO - - Consider improving LIME's faithfulness through better feature attribution
2025-01-10 16:16:14,066 - WARNING - Clipping input data to the valid range for imshow with RGB data ([0..1] for floats or [0..255] for integers). Got range [-2.117904..2.64].
2025-01-10 16:16:14,087 - WARNING - Clipping input data to the valid range for imshow with RGB data ([0..1] for floats or [0..255] for integers). Got range [-2.117904..2.64].
2025-01-10 16:16:14,300 - INFO - Time taken: 5.74 seconds
2025-01-10 16:16:14,308 - INFO - 
Processing image 46
2025-01-10 16:16:14,308 - INFO - True label: Benign
2025-01-10 16:16:19,746 - INFO - 
XAI Method Evaluation:
2025-01-10 16:16:19,747 - INFO - GradCAM - Faithfulness: 0.036, Range: 0.000 to 0.994
2025-01-10 16:16:19,747 - INFO - SHAP - Faithfulness: 0.003, Range: 0.001 to 0.007
2025-01-10 16:16:19,747 - INFO - LIME - Faithfulness: 0.009, Range: -2.118 to 2.640
2025-01-10 16:16:19,748 - INFO - 
Method Comparison:
2025-01-10 16:16:19,748 - INFO - Best performing method: GradCAM
2025-01-10 16:16:19,748 - INFO - Recommendations:
2025-01-10 16:16:19,749 - INFO - - Consider improving GradCAM's faithfulness through better feature attribution
2025-01-10 16:16:19,749 - INFO - - Consider improving SHAP's faithfulness through better feature attribution
2025-01-10 16:16:19,749 - INFO - - Consider improving LIME's faithfulness through better feature attribution
2025-01-10 16:16:19,906 - WARNING - Clipping input data to the valid range for imshow with RGB data ([0..1] for floats or [0..255] for integers). Got range [-2.117904..2.64].
2025-01-10 16:16:19,926 - WARNING - Clipping input data to the valid range for imshow with RGB data ([0..1] for floats or [0..255] for integers). Got range [-2.117904..2.64].
2025-01-10 16:16:20,136 - INFO - Time taken: 5.84 seconds
2025-01-10 16:16:20,144 - INFO - 
Processing image 47
2025-01-10 16:16:20,144 - INFO - True label: Benign
2025-01-10 16:16:25,639 - INFO - 
XAI Method Evaluation:
2025-01-10 16:16:25,640 - INFO - GradCAM - Faithfulness: 0.035, Range: 0.000 to 0.984
2025-01-10 16:16:25,640 - INFO - SHAP - Faithfulness: 0.001, Range: 0.001 to 0.004
2025-01-10 16:16:25,640 - INFO - LIME - Faithfulness: 0.001, Range: -2.118 to 2.640
2025-01-10 16:16:25,641 - INFO - 
Method Comparison:
2025-01-10 16:16:25,641 - INFO - Best performing method: GradCAM
2025-01-10 16:16:25,641 - INFO - Recommendations:
2025-01-10 16:16:25,642 - INFO - - Consider improving GradCAM's faithfulness through better feature attribution
2025-01-10 16:16:25,642 - INFO - - Consider improving SHAP's faithfulness through better feature attribution
2025-01-10 16:16:25,642 - INFO - - Consider improving LIME's faithfulness through better feature attribution
2025-01-10 16:16:25,782 - WARNING - Clipping input data to the valid range for imshow with RGB data ([0..1] for floats or [0..255] for integers). Got range [-2.117904..2.64].
2025-01-10 16:16:25,801 - WARNING - Clipping input data to the valid range for imshow with RGB data ([0..1] for floats or [0..255] for integers). Got range [-2.117904..2.64].
2025-01-10 16:16:26,012 - INFO - Time taken: 5.88 seconds
2025-01-10 16:16:26,020 - INFO - 
Processing image 48
2025-01-10 16:16:26,021 - INFO - True label: Benign
2025-01-10 16:16:31,566 - INFO - 
XAI Method Evaluation:
2025-01-10 16:16:31,567 - INFO - GradCAM - Faithfulness: 0.007, Range: 0.000 to 0.998
2025-01-10 16:16:31,567 - INFO - SHAP - Faithfulness: 0.002, Range: 0.000 to 0.005
2025-01-10 16:16:31,567 - INFO - LIME - Faithfulness: 0.003, Range: -2.118 to 2.640
2025-01-10 16:16:31,568 - INFO - 
Method Comparison:
2025-01-10 16:16:31,568 - INFO - Best performing method: GradCAM
2025-01-10 16:16:31,568 - INFO - Recommendations:
2025-01-10 16:16:31,568 - INFO - - Consider improving GradCAM's faithfulness through better feature attribution
2025-01-10 16:16:31,568 - INFO - - Consider improving SHAP's faithfulness through better feature attribution
2025-01-10 16:16:31,568 - INFO - - Consider improving LIME's faithfulness through better feature attribution
2025-01-10 16:16:31,705 - WARNING - Clipping input data to the valid range for imshow with RGB data ([0..1] for floats or [0..255] for integers). Got range [-2.117904..2.64].
2025-01-10 16:16:31,725 - WARNING - Clipping input data to the valid range for imshow with RGB data ([0..1] for floats or [0..255] for integers). Got range [-2.117904..2.64].
2025-01-10 16:16:31,931 - INFO - Time taken: 5.92 seconds
2025-01-10 16:16:31,939 - INFO - 
Processing image 49
2025-01-10 16:16:31,940 - INFO - True label: Benign
2025-01-10 16:16:37,667 - INFO - 
XAI Method Evaluation:
2025-01-10 16:16:37,667 - INFO - GradCAM - Faithfulness: 0.003, Range: 0.000 to 0.992
2025-01-10 16:16:37,668 - INFO - SHAP - Faithfulness: 0.002, Range: 0.000 to 0.005
2025-01-10 16:16:37,668 - INFO - LIME - Faithfulness: 0.013, Range: -2.118 to 2.640
2025-01-10 16:16:37,668 - INFO - 
Method Comparison:
2025-01-10 16:16:37,669 - INFO - Best performing method: LIME
2025-01-10 16:16:37,669 - INFO - Recommendations:
2025-01-10 16:16:37,669 - INFO - - Consider improving GradCAM's faithfulness through better feature attribution
2025-01-10 16:16:37,670 - INFO - - Consider improving SHAP's faithfulness through better feature attribution
2025-01-10 16:16:37,670 - INFO - - Consider improving LIME's faithfulness through better feature attribution
2025-01-10 16:16:37,807 - WARNING - Clipping input data to the valid range for imshow with RGB data ([0..1] for floats or [0..255] for integers). Got range [-2.117904..2.64].
2025-01-10 16:16:37,827 - WARNING - Clipping input data to the valid range for imshow with RGB data ([0..1] for floats or [0..255] for integers). Got range [-2.117904..2.64].
2025-01-10 16:16:38,034 - INFO - Time taken: 6.10 seconds
2025-01-10 16:16:38,042 - INFO - 
Processing image 50
2025-01-10 16:16:38,042 - INFO - True label: Benign
2025-01-10 16:16:43,871 - INFO - 
XAI Method Evaluation:
2025-01-10 16:16:43,871 - INFO - GradCAM - Faithfulness: 0.020, Range: 0.000 to 0.984
2025-01-10 16:16:43,871 - INFO - SHAP - Faithfulness: 0.017, Range: 0.000 to 0.009
2025-01-10 16:16:43,872 - INFO - LIME - Faithfulness: 0.021, Range: -2.118 to 2.640
2025-01-10 16:16:43,872 - INFO - 
Method Comparison:
2025-01-10 16:16:43,872 - INFO - Best performing method: LIME
2025-01-10 16:16:43,872 - INFO - Recommendations:
2025-01-10 16:16:43,873 - INFO - - Consider improving GradCAM's faithfulness through better feature attribution
2025-01-10 16:16:43,873 - INFO - - Consider improving SHAP's faithfulness through better feature attribution
2025-01-10 16:16:43,873 - INFO - - Consider improving LIME's faithfulness through better feature attribution
2025-01-10 16:16:44,016 - WARNING - Clipping input data to the valid range for imshow with RGB data ([0..1] for floats or [0..255] for integers). Got range [-2.117904..2.64].
2025-01-10 16:16:44,036 - WARNING - Clipping input data to the valid range for imshow with RGB data ([0..1] for floats or [0..255] for integers). Got range [-2.117904..2.64].
2025-01-10 16:16:44,248 - INFO - Time taken: 6.21 seconds
