2025-01-10 15:25:33,474 - INFO - Using device: cpu
2025-01-10 15:25:33,474 - INFO - Saving results to: C:\Users\utaysi\Desktop\multimodal-xai-framework\results\xai_results_20250110_152533
2025-01-10 15:25:33,474 - INFO - 
Processing Image Dataset:
2025-01-10 15:25:33,474 - INFO - Looking for tumor images in: C:\Users\utaysi\Desktop\multimodal-xai-framework\data\tumor_detection
2025-01-10 15:25:33,475 - INFO - Found subdirectories: ['neg', 'pos']
2025-01-10 15:25:35,090 - INFO - Loaded 361 tumor images
2025-01-10 15:25:35,090 - INFO - Image XAI explainers initialized
2025-01-10 15:25:35,105 - INFO - 
Processing image 1
2025-01-10 15:25:35,106 - INFO - True label: Benign
2025-01-10 15:26:15,098 - INFO - 
XAI Method Evaluation:
2025-01-10 15:26:15,098 - INFO - GradCAM - Faithfulness: 0.028, Range: 0.000 to 0.993
2025-01-10 15:26:15,098 - INFO - SHAP - Faithfulness: 0.005, Range: 0.000 to 0.005
2025-01-10 15:26:15,098 - INFO - LIME - Faithfulness: 0.005, Range: -2.118 to 2.640
2025-01-10 15:26:15,099 - INFO - 
Method Comparison:
2025-01-10 15:26:15,099 - INFO - Best performing method: GradCAM
2025-01-10 15:26:15,099 - INFO - Recommendations:
2025-01-10 15:26:15,099 - INFO - - Consider improving GradCAM's faithfulness through better feature attribution
2025-01-10 15:26:15,099 - INFO - - Consider improving SHAP's faithfulness through better feature attribution
2025-01-10 15:26:15,099 - INFO - - Consider improving LIME's faithfulness through better feature attribution
2025-01-10 15:26:15,579 - WARNING - Clipping input data to the valid range for imshow with RGB data ([0..1] for floats or [0..255] for integers). Got range [-2.117904..2.64].
2025-01-10 15:26:15,591 - WARNING - Clipping input data to the valid range for imshow with RGB data ([0..1] for floats or [0..255] for integers). Got range [-2.117904..2.64].
2025-01-10 15:26:15,718 - INFO - Time taken: 40.63 seconds
